[    0.000000] Linux version 4.15.0-189-generic (buildd@lcy02-amd64-039) (gcc version 7.5.0 (Ubuntu 7.5.0-3ubuntu1~18.04)) #200-Ubuntu SMP Wed Jun 22 19:53:37 UTC 2022 (Ubuntu 4.15.0-189.200-generic 4.15.18)
[    0.000000] Command line: BOOT_IMAGE=/boot/vmlinuz-4.15.0-189-generic root=LABEL=cloudimg-rootfs ro console=tty1 console=ttyS0
[    0.000000] KERNEL supported cpus:
[    0.000000]   Intel GenuineIntel
[    0.000000]   AMD AuthenticAMD
[    0.000000]   Centaur CentaurHauls
[    0.000000] x86/fpu: x87 FPU will use FXSAVE
[    0.000000] e820: BIOS-provided physical RAM map:
[    0.000000] BIOS-e820: [mem 0x0000000000000000-0x000000000009fbff] usable
[    0.000000] BIOS-e820: [mem 0x000000000009fc00-0x000000000009ffff] reserved
[    0.000000] BIOS-e820: [mem 0x00000000000f0000-0x00000000000fffff] reserved
[    0.000000] BIOS-e820: [mem 0x0000000000100000-0x000000003ffeffff] usable
[    0.000000] BIOS-e820: [mem 0x000000003fff0000-0x000000003fffffff] ACPI data
[    0.000000] BIOS-e820: [mem 0x00000000fec00000-0x00000000fec00fff] reserved
[    0.000000] BIOS-e820: [mem 0x00000000fee00000-0x00000000fee00fff] reserved
[    0.000000] BIOS-e820: [mem 0x00000000fffc0000-0x00000000ffffffff] reserved
[    0.000000] NX (Execute Disable) protection: active
[    0.000000] SMBIOS 2.5 present.
[    0.000000] DMI: innotek GmbH VirtualBox/VirtualBox, BIOS VirtualBox 12/01/2006
[    0.000000] Hypervisor detected: KVM
[    0.000000] e820: last_pfn = 0x3fff0 max_arch_pfn = 0x400000000
[    0.000000] MTRR: Disabled
[    0.000000] x86/PAT: MTRRs disabled, skipping PAT initialization too.
[    0.000000] CPU MTRRs all blank - virtualized system.
[    0.000000] x86/PAT: Configuration [0-7]: WB  WT  UC- UC  WB  WT  UC- UC  
[    0.000000] found SMP MP-table at [mem 0x0009fff0-0x0009ffff]
[    0.000000] Scanning 1 areas for low memory corruption
[    0.000000] RAMDISK: [mem 0x359c9000-0x36cdbfff]
[    0.000000] ACPI: Early table checksum verification disabled
[    0.000000] ACPI: RSDP 0x00000000000E0000 000024 (v02 VBOX  )
[    0.000000] ACPI: XSDT 0x000000003FFF0030 00003C (v01 VBOX   VBOXXSDT 00000001 ASL  00000061)
[    0.000000] ACPI: FACP 0x000000003FFF00F0 0000F4 (v04 VBOX   VBOXFACP 00000001 ASL  00000061)
[    0.000000] ACPI: DSDT 0x000000003FFF0470 002325 (v02 VBOX   VBOXBIOS 00000002 INTL 20100528)
[    0.000000] ACPI: FACS 0x000000003FFF0200 000040
[    0.000000] ACPI: FACS 0x000000003FFF0200 000040
[    0.000000] ACPI: APIC 0x000000003FFF0240 00005C (v02 VBOX   VBOXAPIC 00000001 ASL  00000061)
[    0.000000] ACPI: SSDT 0x000000003FFF02A0 0001CC (v01 VBOX   VBOXCPUT 00000002 INTL 20100528)
[    0.000000] ACPI: Reserving FACP table memory at [mem 0x3fff00f0-0x3fff01e3]
[    0.000000] ACPI: Reserving DSDT table memory at [mem 0x3fff0470-0x3fff2794]
[    0.000000] ACPI: Reserving FACS table memory at [mem 0x3fff0200-0x3fff023f]
[    0.000000] ACPI: Reserving FACS table memory at [mem 0x3fff0200-0x3fff023f]
[    0.000000] ACPI: Reserving APIC table memory at [mem 0x3fff0240-0x3fff029b]
[    0.000000] ACPI: Reserving SSDT table memory at [mem 0x3fff02a0-0x3fff046b]
[    0.000000] No NUMA configuration found
[    0.000000] Faking a node at [mem 0x0000000000000000-0x000000003ffeffff]
[    0.000000] NODE_DATA(0) allocated [mem 0x3ffc5000-0x3ffeffff]
[    0.000000] kvm-clock: cpu 0, msr 0:3ff44001, primary cpu clock
[    0.000000] kvm-clock: Using msrs 4b564d01 and 4b564d00
[    0.000000] kvm-clock: using sched offset of 6265674949 cycles
[    0.000000] clocksource: kvm-clock: mask: 0xffffffffffffffff max_cycles: 0x1cd42e4dffb, max_idle_ns: 881590591483 ns
[    0.000000] Zone ranges:
[    0.000000]   DMA      [mem 0x0000000000001000-0x0000000000ffffff]
[    0.000000]   DMA32    [mem 0x0000000001000000-0x000000003ffeffff]
[    0.000000]   Normal   empty
[    0.000000]   Device   empty
[    0.000000] Movable zone start for each node
[    0.000000] Early memory node ranges
[    0.000000]   node   0: [mem 0x0000000000001000-0x000000000009efff]
[    0.000000]   node   0: [mem 0x0000000000100000-0x000000003ffeffff]
[    0.000000] Reserved but unavailable: 104 pages
[    0.000000] Initmem setup node 0 [mem 0x0000000000001000-0x000000003ffeffff]
[    0.000000] ACPI: PM-Timer IO Port: 0x4008
[    0.000000] IOAPIC[0]: apic_id 2, version 32, address 0xfec00000, GSI 0-23
[    0.000000] ACPI: INT_SRC_OVR (bus 0 bus_irq 0 global_irq 2 dfl dfl)
[    0.000000] ACPI: INT_SRC_OVR (bus 0 bus_irq 9 global_irq 9 low level)
[    0.000000] Using ACPI (MADT) for SMP configuration information
[    0.000000] smpboot: Allowing 2 CPUs, 0 hotplug CPUs
[    0.000000] PM: Registered nosave memory: [mem 0x00000000-0x00000fff]
[    0.000000] PM: Registered nosave memory: [mem 0x0009f000-0x0009ffff]
[    0.000000] PM: Registered nosave memory: [mem 0x000a0000-0x000effff]
[    0.000000] PM: Registered nosave memory: [mem 0x000f0000-0x000fffff]
[    0.000000] e820: [mem 0x40000000-0xfebfffff] available for PCI devices
[    0.000000] Booting paravirtualized kernel on KVM
[    0.000000] clocksource: refined-jiffies: mask: 0xffffffff max_cycles: 0xffffffff, max_idle_ns: 7645519600211568 ns
[    0.000000] random: get_random_bytes called from start_kernel+0x99/0x500 with crng_init=0
[    0.000000] setup_percpu: NR_CPUS:8192 nr_cpumask_bits:2 nr_cpu_ids:2 nr_node_ids:1
[    0.000000] percpu: Embedded 50 pages/cpu s167936 r8192 d28672 u1048576
[    0.000000] PV qspinlock hash table entries: 256 (order: 0, 4096 bytes)
[    0.000000] Built 1 zonelists, mobility grouping on.  Total pages: 257913
[    0.000000] Policy zone: DMA32
[    0.000000] Kernel command line: BOOT_IMAGE=/boot/vmlinuz-4.15.0-189-generic root=LABEL=cloudimg-rootfs ro console=tty1 console=ttyS0
[    0.000000] Memory: 982644K/1048120K available (12300K kernel code, 2484K rwdata, 4324K rodata, 2468K init, 2724K bss, 65476K reserved, 0K cma-reserved)
[    0.000000] SLUB: HWalign=64, Order=0-3, MinObjects=0, CPUs=2, Nodes=1
[    0.000000] ftrace: allocating 39515 entries in 155 pages
[    0.004000] Hierarchical RCU implementation.
[    0.004000] 	RCU restricting CPUs from NR_CPUS=8192 to nr_cpu_ids=2.
[    0.004000] 	Tasks RCU enabled.
[    0.004000] RCU: Adjusting geometry for rcu_fanout_leaf=16, nr_cpu_ids=2
[    0.004000] NR_IRQS: 524544, nr_irqs: 440, preallocated irqs: 16
[    0.004000] Console: colour VGA+ 80x25
[    0.004000] console [tty1] enabled
[    0.004000] console [ttyS0] enabled
[    0.004000] ACPI: Core revision 20170831
[    0.004000] ACPI: 2 ACPI AML tables successfully acquired and loaded
[    0.004000] APIC: Switch to symmetric I/O mode setup
[    0.004000] ..TIMER: vector=0x30 apic1=0 pin1=2 apic2=-1 pin2=-1
[    0.004010] tsc: Detected 2112.006 MHz processor
[    0.008023] Calibrating delay loop (skipped) preset value.. 4224.01 BogoMIPS (lpj=8448024)
[    0.012013] pid_max: default: 32768 minimum: 301
[    0.016152] Security Framework initialized
[    0.020008] Yama: becoming mindful.
[    0.028169] AppArmor: AppArmor initialized
[    0.040336] Dentry cache hash table entries: 131072 (order: 8, 1048576 bytes)
[    0.047301] Inode-cache hash table entries: 65536 (order: 7, 524288 bytes)
[    0.048106] Mount-cache hash table entries: 2048 (order: 2, 16384 bytes)
[    0.052164] Mountpoint-cache hash table entries: 2048 (order: 2, 16384 bytes)
[    0.061606] Last level iTLB entries: 4KB 64, 2MB 8, 4MB 8
[    0.064028] Last level dTLB entries: 4KB 64, 2MB 0, 4MB 0, 1GB 4
[    0.072010] Spectre V1 : Mitigation: usercopy/swapgs barriers and __user pointer sanitization
[    0.076011] Spectre V2 : Mitigation: Enhanced IBRS
[    0.084006] Spectre V2 : Spectre v2 / SpectreRSB mitigation: Filling RSB on context switch
[    0.088012] Speculative Store Bypass: Vulnerable
[    0.092136] MMIO Stale Data: Vulnerable: Clear CPU buffers attempted, no microcode
[    0.096418] Freeing SMP alternatives memory: 36K
[    0.218479] smpboot: CPU0: Intel(R) Core(TM) i7-8665U CPU @ 1.90GHz (family: 0x6, model: 0x8e, stepping: 0xc)
[    0.220695] Performance Events: unsupported p6 CPU model 142 no PMU driver, software events only.
[    0.228251] Hierarchical SRCU implementation.
[    0.234237] NMI watchdog: Perf event create on CPU 0 failed with -2
[    0.240004] NMI watchdog: Perf NMI watchdog permanently disabled
[    0.244421] smp: Bringing up secondary CPUs ...
[    0.253230] x86: Booting SMP configuration:
[    0.256010] .... node  #0, CPUs:      #1
[    0.004000] kvm-clock: cpu 1, msr 0:3ff44041, secondary cpu clock
[    0.282461] TSC synchronization [CPU#0 -> CPU#1]:
[    0.284000] Measured 198907 cycles TSC warp between CPUs, turning off TSC clock.
[    0.284000] tsc: Marking TSC unstable due to check_tsc_sync_source failed
[    0.292601] smp: Brought up 1 node, 2 CPUs
[    0.296015] smpboot: Max logical packages: 1
[    0.300006] smpboot: Total of 2 processors activated (8448.02 BogoMIPS)
[    0.308248] devtmpfs: initialized
[    0.312269] x86/mm: Memory block size: 128MB
[    0.320726] evm: security.selinux
[    0.324007] evm: security.SMACK64
[    0.328007] evm: security.SMACK64EXEC
[    0.332007] evm: security.SMACK64TRANSMUTE
[    0.336007] evm: security.SMACK64MMAP
[    0.340007] evm: security.apparmor
[    0.344005] evm: security.ima
[    0.348005] evm: security.capability
[    0.356802] clocksource: jiffies: mask: 0xffffffff max_cycles: 0xffffffff, max_idle_ns: 7645041785100000 ns
[    0.360023] futex hash table entries: 512 (order: 3, 32768 bytes)
[    0.364310] pinctrl core: initialized pinctrl subsystem
[    0.369024] RTC time: 21:19:26, date: 10/21/22
[    0.376428] NET: Registered protocol family 16
[    0.380396] audit: initializing netlink subsys (disabled)
[    0.392101] audit: type=2000 audit(1666387172.966:1): state=initialized audit_enabled=0 res=1
[    0.416014] cpuidle: using governor ladder
[    0.420016] cpuidle: using governor menu
[    0.424111] ACPI: bus type PCI registered
[    0.428009] acpiphp: ACPI Hot Plug PCI Controller Driver version: 0.5
[    0.433387] PCI: Using configuration type 1 for base access
[    0.448656] HugeTLB registered 2.00 MiB page size, pre-allocated 0 pages
[    0.460129] ACPI: Added _OSI(Module Device)
[    0.464004] ACPI: Added _OSI(Processor Device)
[    0.468013] ACPI: Added _OSI(3.0 _SCP Extensions)
[    0.472006] ACPI: Added _OSI(Processor Aggregator Device)
[    0.476005] ACPI: Added _OSI(Linux-Dell-Video)
[    0.480007] ACPI: Added _OSI(Linux-Lenovo-NV-HDMI-Audio)
[    0.484009] ACPI: Added _OSI(Linux-HPI-Hybrid-Graphics)
[    0.492283] ACPI: Executed 1 blocks of module-level executable AML code
[    0.507166] ACPI: Interpreter enabled
[    0.508053] ACPI: (supports S0 S5)
[    0.512009] ACPI: Using IOAPIC for interrupt routing
[    0.516735] PCI: Using host bridge windows from ACPI; if necessary, use "pci=nocrs" and report a bug
[    0.520713] ACPI: Enabled 2 GPEs in block 00 to 07
[    0.542680] ACPI: PCI Root Bridge [PCI0] (domain 0000 [bus 00-ff])
[    0.544014] acpi PNP0A03:00: _OSC: OS supports [ASPM ClockPM Segments MSI]
[    0.550103] acpi PNP0A03:00: _OSC: not requesting OS control; OS requires [ExtendedConfig ASPM ClockPM MSI]
[    0.552028] acpi PNP0A03:00: fail to add MMCONFIG information, can't access extended PCI configuration space under this bridge.
[    0.560903] PCI host bridge to bus 0000:00
[    0.564011] pci_bus 0000:00: root bus resource [io  0x0000-0x0cf7 window]
[    0.572024] pci_bus 0000:00: root bus resource [io  0x0d00-0xffff window]
[    0.576019] pci_bus 0000:00: root bus resource [mem 0x000a0000-0x000bffff window]
[    0.580010] pci_bus 0000:00: root bus resource [mem 0x40000000-0xfdffffff window]
[    0.584015] pci_bus 0000:00: root bus resource [bus 00-ff]
[    0.609519] pci 0000:00:01.1: legacy IDE quirk: reg 0x10: [io  0x01f0-0x01f7]
[    0.612013] pci 0000:00:01.1: legacy IDE quirk: reg 0x14: [io  0x03f6]
[    0.620016] pci 0000:00:01.1: legacy IDE quirk: reg 0x18: [io  0x0170-0x0177]
[    0.624009] pci 0000:00:01.1: legacy IDE quirk: reg 0x1c: [io  0x0376]
[    0.682285] pci 0000:00:07.0: quirk: [io  0x4000-0x403f] claimed by PIIX4 ACPI
[    0.684074] pci 0000:00:07.0: quirk: [io  0x4100-0x410f] claimed by PIIX4 SMB
[    0.721471] ACPI: PCI Interrupt Link [LNKA] (IRQs 5 9 10 *11)
[    0.725769] ACPI: PCI Interrupt Link [LNKB] (IRQs 5 9 *10 11)
[    0.728615] ACPI: PCI Interrupt Link [LNKC] (IRQs 5 *9 10 11)
[    0.732632] ACPI: PCI Interrupt Link [LNKD] (IRQs 5 9 10 *11)
[    0.737745] SCSI subsystem initialized
[    0.744251] pci 0000:00:02.0: vgaarb: setting as boot VGA device
[    0.748000] pci 0000:00:02.0: vgaarb: VGA device added: decodes=io+mem,owns=io+mem,locks=none
[    0.748020] pci 0000:00:02.0: vgaarb: bridge control possible
[    0.752006] vgaarb: loaded
[    0.756138] ACPI: bus type USB registered
[    0.760065] usbcore: registered new interface driver usbfs
[    0.764026] usbcore: registered new interface driver hub
[    0.768039] usbcore: registered new device driver usb
[    0.776049] EDAC MC: Ver: 3.0.0
[    0.784565] PCI: Using ACPI for IRQ routing
[    0.790441] NetLabel: Initializing
[    0.792004] NetLabel:  domain hash size = 128
[    0.800007] NetLabel:  protocols = UNLABELED CIPSOv4 CALIPSO
[    0.804042] NetLabel:  unlabeled traffic allowed by default
[    0.808479] clocksource: Switched to clocksource kvm-clock
[    0.831810] VFS: Disk quotas dquot_6.6.0
[    0.831810] VFS: Dquot-cache hash table entries: 512 (order 0, 4096 bytes)
[    0.831810] AppArmor: AppArmor Filesystem Enabled
[    0.831810] pnp: PnP ACPI init
[    0.831810] pnp: PnP ACPI: found 3 devices
[    1.040770] clocksource: acpi_pm: mask: 0xffffff max_cycles: 0xffffff, max_idle_ns: 2085701024 ns
[    1.044590] NET: Registered protocol family 2
[    1.044590] IP idents hash table entries: 16384 (order: 5, 131072 bytes)
[    1.082020] TCP established hash table entries: 8192 (order: 4, 65536 bytes)
[    1.095349] TCP bind hash table entries: 8192 (order: 5, 131072 bytes)
[    1.098869] TCP: Hash tables configured (established 8192 bind 8192)
[    1.098869] UDP hash table entries: 512 (order: 2, 16384 bytes)
[    1.098869] UDP-Lite hash table entries: 512 (order: 2, 16384 bytes)
[    1.098869] NET: Registered protocol family 1
[    1.098869] pci 0000:00:00.0: Limiting direct PCI/PCI transfers
[    1.098869] pci 0000:00:01.0: Activating ISA DMA hang workarounds
[    1.098869] pci 0000:00:02.0: Video device with shadowed ROM at [mem 0x000c0000-0x000dffff]
[    1.098869] Unpacking initramfs...
[    2.432956] Freeing initrd memory: 19532K
[    2.475196] clocksource: tsc: mask: 0xffffffffffffffff max_cycles: 0x1e717e40680, max_idle_ns: 440795297614 ns
[    2.500028] platform rtc_cmos: registered platform RTC device (no PNP device found)
[    2.524000] Scanning for low memory corruption every 60 seconds
[    2.543538] Initialise system trusted keyrings
[    2.555280] Key type blacklist registered
[    2.564696] workingset: timestamp_bits=36 max_order=18 bucket_order=0
[    2.578520] zbud: loaded
[    2.586495] squashfs: version 4.0 (2009/01/31) Phillip Lougher
[    2.601393] fuse init (API version 7.26)
[    2.654749] Key type asymmetric registered
[    2.666896] Asymmetric key parser 'x509' registered
[    2.680082] Block layer SCSI generic (bsg) driver version 0.4 loaded (major 246)
[    2.697235] io scheduler noop registered
[    2.708753] io scheduler deadline registered
[    2.720342] io scheduler cfq registered (default)
[    2.733969] ACPI: AC Adapter [AC] (off-line)
[    2.745644] input: Power Button as /devices/LNXSYSTM:00/LNXPWRBN:00/input/input0
[    2.764009] ACPI: Power Button [PWRF]
[    2.774407] input: Sleep Button as /devices/LNXSYSTM:00/LNXSLPBN:00/input/input1
[    2.790662] ACPI: Sleep Button [SLPF]
[    2.801295] Serial: 8250/16550 driver, 32 ports, IRQ sharing enabled
[    2.803565] ACPI: Battery Slot [BAT0] (battery present)
[    2.881645] 00:02: ttyS0 at I/O 0x3f8 (irq = 4, base_baud = 115200) is a 16550A
[    2.903966] Linux agpgart interface v0.103
[    2.921331] loop: module loaded
[    2.937503] scsi host0: ata_piix
[    2.948716] scsi host1: ata_piix
[    2.959005] ata1: PATA max UDMA/33 cmd 0x1f0 ctl 0x3f6 bmdma 0xd000 irq 14
[    2.980189] ata2: PATA max UDMA/33 cmd 0x170 ctl 0x376 bmdma 0xd008 irq 15
[    2.998282] tun: Universal TUN/TAP device driver, 1.6
[    3.012931] PPP generic driver version 2.4.2
[    3.024095] ehci_hcd: USB 2.0 'Enhanced' Host Controller (EHCI) Driver
[    3.041685] ehci-pci: EHCI PCI platform driver
[    3.054008] ehci-platform: EHCI generic platform driver
[    3.068841] ohci_hcd: USB 1.1 'Open' Host Controller (OHCI) Driver
[    3.085126] ohci-pci: OHCI PCI platform driver
[    3.095400] ohci-platform: OHCI generic platform driver
[    3.107853] uhci_hcd: USB Universal Host Controller Interface driver
[    3.125515] i8042: PNP: PS/2 Controller [PNP0303:PS2K,PNP0f03:PS2M] at 0x60,0x64 irq 1,12
[    3.155703] serio: i8042 KBD port at 0x60,0x64 irq 1
[    3.170498] serio: i8042 AUX port at 0x60,0x64 irq 12
[    3.269345] mousedev: PS/2 mouse device common for all mice
[    3.297205] input: AT Translated Set 2 keyboard as /devices/platform/i8042/serio0/input/input2
[    3.317454] rtc_cmos rtc_cmos: rtc core: registered rtc_cmos as rtc0
[    3.330790] rtc_cmos rtc_cmos: alarms up to one day, 114 bytes nvram
[    3.344558] i2c /dev entries driver
[    3.354379] device-mapper: uevent: version 1.0.3
[    3.363393] device-mapper: ioctl: 4.37.0-ioctl (2017-09-20) initialised: dm-devel@redhat.com
[    3.383874] ledtrig-cpu: registered to indicate activity on CPUs
[    3.404882] NET: Registered protocol family 10
[    3.437488] Segment Routing with IPv6
[    3.447843] NET: Registered protocol family 17
[    3.462243] Key type dns_resolver registered
[    3.477478] mce: Using 0 MCE banks
[    3.487267] RAS: Correctable Errors collector initialized.
[    3.499119] sched_clock: Marking stable (3499067753, 0)->(5804331431, -2305263678)
[    3.523488] registered taskstats version 1
[    3.533374] Loading compiled-in X.509 certificates
[    3.553362] Loaded X.509 cert 'Build time autogenerated kernel key: 9c4811ffd453f4b0c13447eb15d717d926dfaff5'
[    3.572772] Loaded X.509 cert 'Canonical Ltd. Live Patch Signing: 14df34d1a87cf37625abec039ef2bf521249b969'
[    3.591242] Loaded X.509 cert 'Canonical Ltd. Kernel Module Signing: 88f752e560a1e0737e31163a466ad7b70a850c19'
[    3.610654] blacklist: Loading compiled-in revocation X.509 certificates
[    3.626129] Loaded X.509 cert 'Canonical Ltd. Secure Boot Signing: 61482aa2830d0ab2ad5af10b7250da9033ddcef0'
[    3.646711] zswap: loaded using pool lzo/zbud
[    3.680450] Key type big_key registered
[    3.690747] Key type trusted registered
[    3.711737] Key type encrypted registered
[    3.722535] AppArmor: AppArmor sha1 policy hashing enabled
[    3.735618] ima: No TPM chip found, activating TPM-bypass! (rc=-19)
[    3.750479] ima: Allocated hash algorithm: sha1
[    3.762844] evm: HMAC attrs: 0x1
[    3.771597]   Magic number: 10:104:349
[    3.780844] rtc_cmos rtc_cmos: setting system clock to 2022-10-21 21:19:30 UTC (1666387170)
[    3.797359] BIOS EDD facility v0.16 2004-Jun-25, 0 devices found
[    3.810910] EDD information not available.
[    3.825194] Freeing unused kernel image memory: 2468K
[    3.861364] Write protecting the kernel read-only data: 20480k
[    3.875290] Freeing unused kernel image memory: 2008K
[    3.889955] Freeing unused kernel image memory: 1820K
[    3.921452] x86/mm: Checked W+X mappings: passed, no W+X pages found.
Loading, please wait...
starting version 237
[    4.189819] Fusion MPT base driver 3.04.20
[    4.201062] Copyright (c) 1999-2008 LSI Corporation
[    4.219449] e1000: Intel(R) PRO/1000 Network Driver - version 7.3.21-k8-NAPI
[    4.236542] e1000: Copyright (c) 1999-2006 Intel Corporation.
[    4.294577] Fusion MPT SPI Host driver 3.04.20
[    4.511449] input: ImExPS/2 Generic Explorer Mouse as /devices/platform/i8042/serio1/input/input4
[    5.587923] e1000 0000:00:03.0 eth0: (PCI:33MHz:32-bit) 02:d7:28:fc:8d:bd
[    5.605063] e1000 0000:00:03.0 eth0: Intel(R) PRO/1000 Network Connection
[    6.816611] e1000 0000:00:08.0 eth1: (PCI:33MHz:32-bit) 08:00:27:0f:8e:98
[    6.834397] e1000 0000:00:08.0 eth1: Intel(R) PRO/1000 Network Connection
[    6.855952] e1000 0000:00:03.0 enp0s3: renamed from eth0
[    6.867434] mptbase: ioc0: Initiating bringup
[    6.893108] e1000 0000:00:08.0 enp0s8: renamed from eth1
[    7.614041] ioc0: LSI53C1030 A0: Capabilities={Initiator}
[    7.917385] scsi host2: ioc0: LSI53C1030 A0, FwRev=00000000h, Ports=1, MaxQ=256, IRQ=20
[    8.111958] scsi 2:0:0:0: Direct-Access     VBOX     HARDDISK         1.0  PQ: 0 ANSI: 5
[    8.164851] scsi target2:0:0: Beginning Domain Validation
[    8.202147] scsi target2:0:0: Domain Validation skipping write tests
[    8.219120] scsi target2:0:0: Ending Domain Validation
[    8.230545] scsi target2:0:0: asynchronous
[    8.247795] random: fast init done
[    8.259896] scsi 2:0:1:0: Direct-Access     VBOX     HARDDISK         1.0  PQ: 0 ANSI: 5
[    8.309282] scsi target2:0:1: Beginning Domain Validation
[    8.357407] scsi target2:0:1: Domain Validation skipping write tests
[    8.371008] scsi target2:0:1: Ending Domain Validation
[    8.386188] scsi target2:0:1: asynchronous
[    8.435453] sd 2:0:0:0: Attached scsi generic sg0 type 0
[    8.436947] random: systemd-udevd: uninitialized urandom read (16 bytes read)
[    8.453249] sd 2:0:1:0: Attached scsi generic sg1 type 0
[    8.464520] sd 2:0:0:0: [sda] 83886080 512-byte logical blocks: (42.9 GB/40.0 GiB)
[    8.477739] random: systemd-udevd: uninitialized urandom read (16 bytes read)
[    8.477746] random: systemd-udevd: uninitialized urandom read (16 bytes read)
[    8.536972] sd 2:0:0:0: [sda] Write Protect is off
[    8.549084] sd 2:0:1:0: [sdb] 20480 512-byte logical blocks: (10.5 MB/10.0 MiB)
[    8.550390] sd 2:0:0:0: [sda] Incomplete mode parameter data
[    8.576958] sd 2:0:0:0: [sda] Assuming drive cache: write through
[    8.577365] sd 2:0:1:0: [sdb] Write Protect is off
[    8.600650] sd 2:0:1:0: [sdb] Incomplete mode parameter data
[    8.606142]  sda: sda1
[    8.613627] sd 2:0:1:0: [sdb] Assuming drive cache: write through
[    8.641237] sd 2:0:0:0: [sda] Attached SCSI disk
[    8.665645] sd 2:0:1:0: [sdb] Attached SCSI disk
Begin: Loading essential drivers ... [   12.408646] raid6: sse2x1   gen()  4148 MB/s
[   12.464396] raid6: sse2x1   xor()  2446 MB/s
[   12.520896] raid6: sse2x2   gen()  5773 MB/s
[   12.576501] raid6: sse2x2   xor()  3881 MB/s
[   12.632860] raid6: sse2x4   gen()  6073 MB/s
[   12.688436] raid6: sse2x4   xor()  3663 MB/s
[   12.698681] raid6: using algorithm sse2x4 gen() 6073 MB/s
[   12.708892] raid6: .... xor() 3663 MB/s, rmw enabled
[   12.720959] raid6: using ssse3x2 recovery algorithm
[   12.735799] xor: measuring software checksum speed
[   12.780260]    prefetch64-sse: 12137.000 MB/sec
[   12.828226]    generic_sse: 16279.000 MB/sec
[   12.838747] xor: using function: generic_sse (16279.000 MB/sec)
[   12.853483] async_tx: api initialized (async)
done.
Begin: Running /scripts/init-premount ... done.
Begin: Mounting root file system ... Begin: Running /scripts/local-top ... done.
Begin: Running /scripts/local-premount ... [   13.006039] Btrfs loaded, crc32c=crc32c-intel
Scanning for Btrfs filesystems
done.
Warning: fsck not present, so skipping root file system
[   13.174017] EXT4-fs (sda1): mounted filesystem with ordered data mode. Opts: (null)
done.
Begin: Running /scripts/local-bottom ... done.
Begin: Running /scripts/init-bottom ... done.
[   13.741759] ip_tables: (C) 2000-2006 Netfilter Core Team
[   13.792741] systemd[1]: systemd 237 running in system mode. (+PAM +AUDIT +SELINUX +IMA +APPARMOR +SMACK +SYSVINIT +UTMP +LIBCRYPTSETUP +GCRYPT +GNUTLS +ACL +XZ +LZ4 +SECCOMP +BLKID +ELFUTILS +KMOD -IDN2 +IDN -PCRE2 default-hierarchy=hybrid)
[   13.840984] systemd[1]: Detected virtualization oracle.
[   13.852250] systemd[1]: Detected architecture x86-64.

Welcome to [1mUbuntu 18.04.6 LTS[0m!

[   13.960091] systemd[1]: Set hostname to <ubuntu-bionic>.
[   14.890265] systemd[1]: Created slice System Slice.
[[0;32m  OK  [0m] Created slice System Slice.
[   14.910813] systemd[1]: Listening on Journal Socket.
[[0;32m  OK  [0m] Listening on Journal Socket.
[   14.928909] systemd[1]: Listening on LVM2 poll daemon socket.
[[0;32m  OK  [0m] Listening on LVM2 poll daemon socket.
[   14.958588] systemd[1]: Listening on udev Kernel Socket.
[[0;32m  OK  [0m] Listening on udev Kernel Socket.
[   14.978941] systemd[1]: Listening on LVM2 metadata daemon socket.
[[0;32m  OK  [0m] Listening on LVM2 metadata daemon socket.
[   15.007030] systemd[1]: Reached target User and Group Name Lookups.
[[0;32m  OK  [0m] Reached target User and Group Name Lookups.
[[0;32m  OK  [0m] Listening on Syslog Socket.
[[0;32m  OK  [0m] Set up automount Arbitrary Executab…rmats File System Automount Point.
[[0;32m  OK  [0m] Listening on Device-mapper event daemon FIFOs.
[[0;32m  OK  [0m] Listening on Journal Audit Socket.
[[0;32m  OK  [0m] Listening on Network Service Netlink Socket.
[[0;32m  OK  [0m] Listening on fsck to fsckd communication Socket.
[[0;32m  OK  [0m] Reached target System Time Synchronized.
         Starting File System Check on Root Device...
[[0;32m  OK  [0m] Created slice User and Session Slice.
         Starting Set the console keyboard layout...
[[0;32m  OK  [0m] Reached target Swap.
[[0;32m  OK  [0m] Listening on udev Control Socket.
         Starting udev Coldplug all Devices...
[[0;32m  OK  [0m] Started Forward Password Requests to Wall Directory Watch.
[[0;32m  OK  [0m] Created slice system-serial\x2dgetty.slice.
         Starting Load Kernel Modules...
         Mounting Kernel Debug File System...
[[0;32m  OK  [0m] Listening on /dev/initctl Compatibility Named Pipe.
         Starting Create list of required st…ce nodes for the current kernel...
         Mounting POSIX Message Queue File System...
         Starting Uncomplicated firewall...
         Starting Monitoring of LVM2 mirrors…ng dmeventd or progress polling...
         Mounting Huge Pages File System...
[[0;32m  OK  [0m] Listening on Journal Socket (/dev/log).
[   15.383260] Loading iSCSI transport class v2.0-870.
         Starting Journal Service...
[[0;32m  OK  [0m] Reached target Slices.
[[0;32m  OK  [0m] Started File System Check on Root Device.
[[0;32m  OK  [0m] Mounted Kernel Debug File System.
[[0;32m  OK  [0m] Started Create list of required sta…vice nodes for the current kernel.
[[0;32m  OK  [0m] Mounted POSIX Message Queue File System.
[[0;32m  OK  [0m] Started Uncomplicated firewall.
[[0;32m  OK  [0m] Mounted Huge Pages File System.
[[0;32m  OK  [0m] Started LVM2 metadata daemon.[   15.571595] iscsi: registered transport (tcp)

[[0;32m  OK  [0m] Started File System Check Daemon to report status.
         Starting Create Static Device Nodes in /dev...
         Starting Remount Root and Kernel File Systems...
[[0;32m  OK  [0m] Started udev Coldplug all Devices.
[   15.717914] random: crng init done
[   15.727513] random: 7 urandom warning(s) missed due to ratelimiting
[[0;32m  OK  [0m] Started Set the console keyboard layout.
[[0;32m  OK  [0m] Started Journal Service.
[   15.798798] EXT4-fs (sda1): re-mounted. Opts: (null)
[[0;32m  OK  [0m] Started Create Static Device Nodes in /dev.
[[0;32m  OK  [0m] Started Remount Root and Kernel File Systems.
[[0;32m  OK  [0m] Started Monitoring of LVM2 mirrors,…sing dmeventd or progress polling.
         Starting Flush Journal to Persistent Storage...
         Starting Load/Save Random Seed...
         Starting udev Kernel Device Manager...
[[0;32m  OK  [0m] Reached target Local File Systems (Pre).
[[0;32m  OK  [0m] Reached target Local File Systems.
[   15.973488] iscsi: registered transport (iser)
         Starting ebtables ruleset management...
         Starting Set console font and keymap...
         Starting Tell Plymouth To Write Out Runtime Data...
         Starting AppArmor initialization...
[[0;32m  OK  [0m] Started Load Kernel Modules.
[[0;32m  OK  [0m] Started Load/Save Random Seed.
[   16.070138] systemd-journald[400]: Received request to flush runtime journal from PID 1
         Mounting FUSE Control File System...
         Starting Apply Kernel Variables...
         Mounting Kernel Configuration File System...
[[0;32m  OK  [0m] Mounted FUSE Control File System.
[[0;32m  OK  [0m] Mounted Kernel Configuration File System.
[[0;32m  OK  [0m] Started Set console font and keymap.
[[0;32m  OK  [0m] Started Tell Plymouth To Write Out Runtime Data.
[[0;32m  OK  [0m] Started udev Kernel Device Manager.
[[0;32m  OK  [0m] Started Dispatch Password Requests to Console Directory Watch.
[[0;32m  OK  [0m] Reached target Local Encrypted Volumes.
[[0;32m  OK  [0m] Started Apply Kernel Variables.
[[0;32m  OK  [0m] Started Flush Journal to Persistent Storage.
         Starting Create Volatile Files and Directories...
[[0;32m  OK  [0m] Started ebtables ruleset management.
[[0;32m  OK  [0m] Started Create Volatile Files and Directories.
         Starting Update UTMP about System Boot/Shutdown...
[[0;32m  OK  [0m] Started Update UTMP about System Boot/Shutdown.
[[0;32m  OK  [0m] Started AppArmor initialization.
         Starting Initial cloud-init job (pre-networking)...
         Starting Load AppArmor profiles managed internally by snapd...
[[0;32m  OK  [0m] Started Load AppArmor profiles managed internally by snapd.
[[0;32m  OK  [0m] Found device /dev/ttyS0.
[[0;32m  OK  [0m] Listening on Load/Save RF Kill Switch Status /dev/rfkill Watch.
